mode: atomic
github.com/tbotnz/cisshgo/fakedevices/genericFakeDevice.go:28.42,31.41 3 1
github.com/tbotnz/cisshgo/fakedevices/genericFakeDevice.go:31.41,33.3 1 1
github.com/tbotnz/cisshgo/fakedevices/genericFakeDevice.go:34.2,35.37 2 1
github.com/tbotnz/cisshgo/fakedevices/genericFakeDevice.go:35.37,37.3 1 1
github.com/tbotnz/cisshgo/fakedevices/genericFakeDevice.go:38.2,39.40 2 1
github.com/tbotnz/cisshgo/fakedevices/genericFakeDevice.go:39.40,41.3 1 1
github.com/tbotnz/cisshgo/fakedevices/genericFakeDevice.go:42.2,42.11 1 1
github.com/tbotnz/cisshgo/fakedevices/genericFakeDevice.go:44.48,46.16 2 2
github.com/tbotnz/cisshgo/fakedevices/genericFakeDevice.go:46.16,48.3 1 1
github.com/tbotnz/cisshgo/fakedevices/genericFakeDevice.go:49.2,49.29 1 1
github.com/tbotnz/cisshgo/fakedevices/genericFakeDevice.go:57.24,67.63 7 3
github.com/tbotnz/cisshgo/fakedevices/genericFakeDevice.go:67.63,68.40 1 3
github.com/tbotnz/cisshgo/fakedevices/genericFakeDevice.go:68.40,69.21 1 3
github.com/tbotnz/cisshgo/fakedevices/genericFakeDevice.go:69.21,75.5 5 2
github.com/tbotnz/cisshgo/fakedevices/genericFakeDevice.go:80.2,80.43 1 3
github.com/tbotnz/cisshgo/fakedevices/genericFakeDevice.go:80.43,82.17 2 2
github.com/tbotnz/cisshgo/fakedevices/genericFakeDevice.go:82.17,84.4 1 1
github.com/tbotnz/cisshgo/fakedevices/genericFakeDevice.go:85.3,85.33 1 1
github.com/tbotnz/cisshgo/fakedevices/genericFakeDevice.go:89.2,100.27 2 2
github.com/tbotnz/cisshgo/fakedevices/transcriptReader.go:9.82,13.16 2 5
github.com/tbotnz/cisshgo/fakedevices/transcriptReader.go:13.16,15.3 1 1
github.com/tbotnz/cisshgo/fakedevices/transcriptReader.go:18.2,21.68 2 4
github.com/tbotnz/cisshgo/fakedevices/transcriptReader.go:21.68,23.3 1 1
github.com/tbotnz/cisshgo/fakedevices/transcriptReader.go:25.2,25.39 1 3
github.com/tbotnz/cisshgo/cissh.go:22.37,24.16 2 3
github.com/tbotnz/cisshgo/cissh.go:24.16,26.3 1 1
github.com/tbotnz/cisshgo/cissh.go:28.2,29.16 2 2
github.com/tbotnz/cisshgo/cissh.go:29.16,31.3 1 1
github.com/tbotnz/cisshgo/cissh.go:33.2,34.74 2 1
github.com/tbotnz/cisshgo/cissh.go:34.74,36.21 2 0
github.com/tbotnz/cisshgo/cissh.go:36.21,38.110 2 0
github.com/tbotnz/cisshgo/cissh.go:38.110,40.5 1 0
github.com/tbotnz/cisshgo/cissh.go:44.2,45.12 2 1
github.com/tbotnz/cisshgo/cissh.go:48.13,52.33 3 0
github.com/tbotnz/cisshgo/cissh.go:52.33,54.3 1 0
github.com/tbotnz/cisshgo/utils/argparsing.go:29.60,31.16 2 5
github.com/tbotnz/cisshgo/utils/argparsing.go:31.16,33.3 1 2
github.com/tbotnz/cisshgo/utils/argparsing.go:35.2,36.80 2 3
github.com/tbotnz/cisshgo/utils/argparsing.go:36.80,38.3 1 1
github.com/tbotnz/cisshgo/utils/argparsing.go:40.2,40.29 1 2
github.com/tbotnz/cisshgo/utils/argparsing.go:44.51,55.16 6 2
github.com/tbotnz/cisshgo/utils/argparsing.go:55.16,57.3 1 1
github.com/tbotnz/cisshgo/utils/argparsing.go:59.2,59.81 1 1
github.com/tbotnz/cisshgo/utils/cmdmatch.go:15.98,31.50 7 8
github.com/tbotnz/cisshgo/utils/cmdmatch.go:31.50,39.49 3 32
github.com/tbotnz/cisshgo/utils/cmdmatch.go:39.49,42.4 1 12
github.com/tbotnz/cisshgo/utils/cmdmatch.go:46.2,50.45 2 8
github.com/tbotnz/cisshgo/utils/cmdmatch.go:50.45,53.33 1 10
github.com/tbotnz/cisshgo/utils/cmdmatch.go:53.33,55.9 2 1
github.com/tbotnz/cisshgo/utils/cmdmatch.go:59.3,59.49 1 9
github.com/tbotnz/cisshgo/utils/cmdmatch.go:59.49,61.9 2 1
github.com/tbotnz/cisshgo/utils/cmdmatch.go:65.3,65.69 1 8
github.com/tbotnz/cisshgo/utils/cmdmatch.go:65.69,67.65 1 17
github.com/tbotnz/cisshgo/utils/cmdmatch.go:67.65,69.10 1 4
github.com/tbotnz/cisshgo/utils/cmdmatch.go:73.4,73.54 1 13
github.com/tbotnz/cisshgo/utils/cmdmatch.go:73.54,75.5 1 4
github.com/tbotnz/cisshgo/utils/cmdmatch.go:80.2,80.27 1 8
github.com/tbotnz/cisshgo/utils/cmdmatch.go:80.27,86.3 4 1
github.com/tbotnz/cisshgo/utils/cmdmatch.go:86.8,86.34 1 7
github.com/tbotnz/cisshgo/utils/cmdmatch.go:86.34,91.3 2 3
github.com/tbotnz/cisshgo/utils/cmdmatch.go:91.8,93.31 2 4
github.com/tbotnz/cisshgo/utils/cmdmatch.go:93.31,95.4 1 4
github.com/tbotnz/cisshgo/utils/cmdmatch.go:100.2,100.48 1 8
github.com/tbotnz/cisshgo/ssh_server/sshlisteners/sshlisteners.go:22.9,29.63 3 2
github.com/tbotnz/cisshgo/ssh_server/sshlisteners/sshlisteners.go:29.63,31.4 1 2
github.com/tbotnz/cisshgo/ssh_server/sshlisteners/sshlisteners.go:34.2,34.12 1 2
github.com/tbotnz/cisshgo/ssh_server/sshlisteners/sshlisteners.go:34.12,37.3 2 2
github.com/tbotnz/cisshgo/ssh_server/sshlisteners/sshlisteners.go:39.2,40.32 2 2
github.com/tbotnz/cisshgo/ssh_server/sshlisteners/sshlisteners.go:40.32,42.3 1 1
github.com/tbotnz/cisshgo/ssh_server/sshlisteners/sshlisteners.go:43.2,43.12 1 1
github.com/tbotnz/cisshgo/ssh_server/handlers/ciscohandlers.go:18.76,19.29 1 12
github.com/tbotnz/cisshgo/ssh_server/handlers/ciscohandlers.go:19.29,22.39 1 12
github.com/tbotnz/cisshgo/ssh_server/handlers/ciscohandlers.go:22.39,25.33 3 3
github.com/tbotnz/cisshgo/ssh_server/handlers/ciscohandlers.go:25.33,29.19 2 2
github.com/tbotnz/cisshgo/ssh_server/handlers/ciscohandlers.go:29.19,31.6 1 2
github.com/tbotnz/cisshgo/ssh_server/handlers/ciscohandlers.go:33.4,34.10 2 3
github.com/tbotnz/cisshgo/ssh_server/handlers/ciscohandlers.go:38.3,41.7 3 9
github.com/tbotnz/cisshgo/ssh_server/handlers/ciscohandlers.go:41.7,43.18 2 27
github.com/tbotnz/cisshgo/ssh_server/handlers/ciscohandlers.go:43.18,44.10 1 2
github.com/tbotnz/cisshgo/ssh_server/handlers/ciscohandlers.go:46.4,49.12 3 25
github.com/tbotnz/cisshgo/ssh_server/handlers/ciscohandlers.go:49.12,50.10 1 7
github.com/tbotnz/cisshgo/ssh_server/handlers/ciscohandlers.go:53.3,53.33 1 9
github.com/tbotnz/cisshgo/ssh_server/handlers/ciscohandlers.go:59.114,60.21 1 25
github.com/tbotnz/cisshgo/ssh_server/handlers/ciscohandlers.go:60.21,63.3 2 1
github.com/tbotnz/cisshgo/ssh_server/handlers/ciscohandlers.go:66.2,67.16 2 24
github.com/tbotnz/cisshgo/ssh_server/handlers/ciscohandlers.go:67.16,70.3 2 0
github.com/tbotnz/cisshgo/ssh_server/handlers/ciscohandlers.go:72.2,72.43 1 24
github.com/tbotnz/cisshgo/ssh_server/handlers/ciscohandlers.go:72.43,76.3 3 6
github.com/tbotnz/cisshgo/ssh_server/handlers/ciscohandlers.go:78.2,78.47 1 18
github.com/tbotnz/cisshgo/ssh_server/handlers/ciscohandlers.go:78.47,79.51 1 10
github.com/tbotnz/cisshgo/ssh_server/handlers/ciscohandlers.go:79.51,81.4 1 6
github.com/tbotnz/cisshgo/ssh_server/handlers/ciscohandlers.go:82.3,84.15 3 4
github.com/tbotnz/cisshgo/ssh_server/handlers/ciscohandlers.go:87.2,87.32 1 8
github.com/tbotnz/cisshgo/ssh_server/handlers/ciscohandlers.go:87.32,93.3 5 1
github.com/tbotnz/cisshgo/ssh_server/handlers/ciscohandlers.go:96.2,97.70 2 7
github.com/tbotnz/cisshgo/ssh_server/handlers/ciscohandlers.go:97.70,102.3 4 2
github.com/tbotnz/cisshgo/ssh_server/handlers/ciscohandlers.go:105.2,105.42 1 5
github.com/tbotnz/cisshgo/ssh_server/handlers/ciscohandlers.go:110.91,112.16 2 5
github.com/tbotnz/cisshgo/ssh_server/handlers/ciscohandlers.go:112.16,115.3 2 0
github.com/tbotnz/cisshgo/ssh_server/handlers/ciscohandlers.go:117.2,117.21 1 5
github.com/tbotnz/cisshgo/ssh_server/handlers/ciscohandlers.go:117.21,120.3 2 1
github.com/tbotnz/cisshgo/ssh_server/handlers/ciscohandlers.go:122.2,122.12 1 4
github.com/tbotnz/cisshgo/ssh_server/handlers/ciscohandlers.go:122.12,125.3 2 1
github.com/tbotnz/cisshgo/ssh_server/handlers/ciscohandlers.go:127.2,128.16 2 3
github.com/tbotnz/cisshgo/ssh_server/handlers/ciscohandlers.go:128.16,131.3 2 1
github.com/tbotnz/cisshgo/ssh_server/handlers/ciscohandlers.go:132.2,133.14 2 2
